<?xml version="1.0" encoding="UTF-8"?>
<!-- Generated by org.testng.reporters.JUnitXMLReporter -->
<testsuite ignored="0" hostname="Parijat-HP-Spectre" failures="0" tests="2" name="Default test" time="22.3" errors="0" timestamp="03 Nov 2021 04:03:35 GMT">
  <testcase classname="com.simplilearn.workshop.ICINmain.NegativeTests" name="loginTest" time="9.342"/>
  <testcase classname="com.simplilearn.workshop.ICINmain.NegativeTests" name="transferTest" time="12.935"/>
</testsuite> <!-- Default test -->
